[debug] [2022-04-28T23:05:13.804Z] ----------------------------------------------------------------------
[debug] [2022-04-28T23:05:13.806Z] Command:       C:\Program Files\nodejs\node.exe C:\Users\junco\AppData\Roaming\npm\node_modules\firebase-tools\lib\bin\firebase.js emulators:start --only auth
[debug] [2022-04-28T23:05:13.806Z] CLI Version:   10.5.0
[debug] [2022-04-28T23:05:13.806Z] Platform:      win32
[debug] [2022-04-28T23:05:13.807Z] Node Version:  v16.14.2
[debug] [2022-04-28T23:05:13.809Z] Time:          Fri Apr 29 2022 08:05:13 GMT+0900 (GMT+09:00)
[debug] [2022-04-28T23:05:13.809Z] ----------------------------------------------------------------------
[debug] 
[debug] [2022-04-28T23:05:13.887Z] > command requires scopes: ["email","openid","https://www.googleapis.com/auth/cloudplatformprojects.readonly","https://www.googleapis.com/auth/firebase","https://www.googleapis.com/auth/cloud-platform"]
[debug] [2022-04-28T23:05:13.887Z] > authorizing via signed-in user (junmiyanohara@gmail.com)
[info] i  emulators: Starting emulators: auth {"metadata":{"emulator":{"name":"hub"},"message":"Starting emulators: auth"}}
[debug] [2022-04-28T23:05:13.922Z] [hub] writing locator at C:\Users\junco\AppData\Local\Temp\hub-kadai4-d5dfd.json
[debug] [2022-04-28T23:05:21.336Z] Ignoring unsupported arg: auto_download {"metadata":{"emulator":{"name":"ui"},"message":"Ignoring unsupported arg: auto_download"}}
[debug] [2022-04-28T23:05:21.336Z] Ignoring unsupported arg: port {"metadata":{"emulator":{"name":"ui"},"message":"Ignoring unsupported arg: port"}}
[debug] [2022-04-28T23:05:21.337Z] Starting Emulator UI with command {"binary":"node","args":["C:\\Users\\junco\\.cache\\firebase\\emulators\\ui-v1.6.5\\server.bundle.js"],"optionalArgs":[],"joinArgs":false} {"metadata":{"emulator":{"name":"ui"},"message":"Starting Emulator UI with command {\"binary\":\"node\",\"args\":[\"C:\\\\Users\\\\junco\\\\.cache\\\\firebase\\\\emulators\\\\ui-v1.6.5\\\\server.bundle.js\"],\"optionalArgs\":[],\"joinArgs\":false}"}}
[info] i  ui: Emulator UI logging to ui-debug.log {"metadata":{"emulator":{"name":"ui"},"message":"Emulator UI logging to \u001b[1mui-debug.log\u001b[22m"}}
[debug] [2022-04-28T23:05:21.499Z] Web / API server started at localhost:3999
 {"metadata":{"emulator":{"name":"ui"},"message":"Web / API server started at localhost:3999\n"}}
[info] 
┌─────────────────────────────────────────────────────────────┐
│ ✔  All emulators ready! It is now safe to connect your app. │
│ i  View Emulator UI at http://localhost:3999                │
└─────────────────────────────────────────────────────────────┘

┌────────────────┬────────────────┬────────────────────────────┐
│ Emulator       │ Host:Port      │ View in Emulator UI        │
├────────────────┼────────────────┼────────────────────────────┤
│ Authentication │ localhost:9099 │ http://localhost:3999/auth │
└────────────────┴────────────────┴────────────────────────────┘
  Emulator Hub running at localhost:4400
  Other reserved ports: 4500

Issues? Report them at https://github.com/firebase/firebase-tools/issues and attach the *-debug.log files.
 
